mode: set
github.com/umsu2/renovate_testing/twosum/twosum.go:18.59,20.16 2 1
github.com/umsu2/renovate_testing/twosum/twosum.go:20.16,22.3 1 1
github.com/umsu2/renovate_testing/twosum/twosum.go:25.2,27.27 2 1
github.com/umsu2/renovate_testing/twosum/twosum.go:27.27,29.17 2 1
github.com/umsu2/renovate_testing/twosum/twosum.go:29.17,31.4 1 1
github.com/umsu2/renovate_testing/twosum/twosum.go:33.3,36.29 3 1
github.com/umsu2/renovate_testing/twosum/twosum.go:36.29,38.4 1 1
github.com/umsu2/renovate_testing/twosum/twosum.go:40.3,40.23 1 1
github.com/umsu2/renovate_testing/twosum/twosum.go:43.2,43.32 1 1
github.com/umsu2/renovate_testing/cmd/twosum/main.go:14.13,15.22 1 0
github.com/umsu2/renovate_testing/cmd/twosum/main.go:15.22,18.3 2 0
github.com/umsu2/renovate_testing/cmd/twosum/main.go:20.2,24.16 4 0
github.com/umsu2/renovate_testing/cmd/twosum/main.go:24.16,27.3 2 0
github.com/umsu2/renovate_testing/cmd/twosum/main.go:29.2,31.46 1 0
